<?xml version="1.0" encoding="UTF-8"?>
<testng-results ignored="0" total="2" passed="2" failed="0" skipped="0">
  <reporter-output>
  </reporter-output>
  <suite started-at="2026-04-23T23:05:27 IST" name="OrangeHRM Suite" finished-at="2026-04-23T23:06:01 IST" duration-ms="34203">
    <groups>
    </groups>
    <test started-at="2026-04-23T23:05:27 IST" name="Login Test" finished-at="2026-04-23T23:06:01 IST" duration-ms="34203">
      <class name="tests.LoginTest">
        <test-method is-config="true" signature="setUp()[pri:0, instance:tests.LoginTest@49e53c76]" started-at="2026-04-23T23:05:27 IST" name="setUp" finished-at="2026-04-23T23:05:42 IST" duration-ms="15339" status="PASS">
          <reporter-output>
          </reporter-output>
        </test-method> <!-- setUp -->
        <test-method signature="testLogin()[pri:0, instance:tests.LoginTest@49e53c76]" started-at="2026-04-23T23:05:42 IST" name="testLogin" finished-at="2026-04-23T23:05:45 IST" duration-ms="3223" status="PASS">
          <reporter-output>
          </reporter-output>
        </test-method> <!-- testLogin -->
        <test-method is-config="true" signature="tearDown()[pri:0, instance:tests.LoginTest@49e53c76]" started-at="2026-04-23T23:05:46 IST" name="tearDown" finished-at="2026-04-23T23:05:46 IST" duration-ms="402" status="PASS">
          <reporter-output>
          </reporter-output>
        </test-method> <!-- tearDown -->
        <test-method is-config="true" signature="setUp()[pri:0, instance:tests.LoginTest@49e53c76]" started-at="2026-04-23T23:05:46 IST" name="setUp" finished-at="2026-04-23T23:05:56 IST" duration-ms="10457" status="PASS">
          <reporter-output>
          </reporter-output>
        </test-method> <!-- setUp -->
        <test-method signature="testLogout()[pri:0, instance:tests.LoginTest@49e53c76]" started-at="2026-04-23T23:05:56 IST" name="testLogout" finished-at="2026-04-23T23:06:00 IST" duration-ms="4107" status="PASS">
          <reporter-output>
          </reporter-output>
        </test-method> <!-- testLogout -->
        <test-method is-config="true" signature="tearDown()[pri:0, instance:tests.LoginTest@49e53c76]" started-at="2026-04-23T23:06:00 IST" name="tearDown" finished-at="2026-04-23T23:06:01 IST" duration-ms="578" status="PASS">
          <reporter-output>
          </reporter-output>
        </test-method> <!-- tearDown -->
      </class> <!-- tests.LoginTest -->
    </test> <!-- Login Test -->
  </suite> <!-- OrangeHRM Suite -->
</testng-results>
